<?xml version="1.0" encoding="UTF-8"?>
<testng-results ignored="0" total="6" passed="6" failed="0" skipped="0">
  <reporter-output>
  </reporter-output>
  <suite started-at="2023-07-20T15:39:03 IST" name="Default suite" finished-at="2023-07-20T15:39:13 IST" duration-ms="10645">
    <groups>
      <group name="Google">
        <method signature="FBRegistration.googleAccount(java.lang.String,java.lang.String)[pri:0, instance:com.ecommerce.test.FBRegistration@6a6cb05c]" name="googleAccount" class="com.ecommerce.test.FBRegistration"/>
        <method signature="FBRegistration.searchGoogleAndTestTitleText()[pri:0, instance:com.ecommerce.test.FBRegistration@6a6cb05c]" name="searchGoogleAndTestTitleText" class="com.ecommerce.test.FBRegistration"/>
      </group> <!-- Google -->
      <group name="Account Creation">
        <method signature="FBRegistration.fbAccount()[pri:0, instance:com.ecommerce.test.FBRegistration@6a6cb05c]" name="fbAccount" class="com.ecommerce.test.FBRegistration"/>
        <method signature="FBRegistration.googleAccount(java.lang.String,java.lang.String)[pri:0, instance:com.ecommerce.test.FBRegistration@6a6cb05c]" name="googleAccount" class="com.ecommerce.test.FBRegistration"/>
      </group> <!-- Account Creation -->
      <group name="Class1">
        <method signature="FBRegistration.f1()[pri:0, instance:com.ecommerce.test.FBRegistration@6a6cb05c]" name="f1" class="com.ecommerce.test.FBRegistration"/>
        <method signature="FBRegistration.fbAccount()[pri:0, instance:com.ecommerce.test.FBRegistration@6a6cb05c]" name="fbAccount" class="com.ecommerce.test.FBRegistration"/>
        <method signature="FBRegistration.googleAccount(java.lang.String,java.lang.String)[pri:0, instance:com.ecommerce.test.FBRegistration@6a6cb05c]" name="googleAccount" class="com.ecommerce.test.FBRegistration"/>
        <method signature="FBRegistration.searchGoogleAndTestTitleText()[pri:0, instance:com.ecommerce.test.FBRegistration@6a6cb05c]" name="searchGoogleAndTestTitleText" class="com.ecommerce.test.FBRegistration"/>
        <method signature="FBRegistration.testLocalPage()[pri:0, instance:com.ecommerce.test.FBRegistration@6a6cb05c]" name="testLocalPage" class="com.ecommerce.test.FBRegistration"/>
      </group> <!-- Class1 -->
      <group name="Dummy">
        <method signature="FBRegistration.f1()[pri:0, instance:com.ecommerce.test.FBRegistration@6a6cb05c]" name="f1" class="com.ecommerce.test.FBRegistration"/>
      </group> <!-- Dummy -->
    </groups>
    <test started-at="2023-07-20T15:39:03 IST" name="Default test" finished-at="2023-07-20T15:39:13 IST" duration-ms="10645">
      <class name="com.ecommerce.test.FBRegistration">
        <test-method is-config="true" signature="beforeSuite()[pri:0, instance:com.ecommerce.test.FBRegistration@6a6cb05c]" started-at="2023-07-20T15:39:00 IST" name="beforeSuite" finished-at="2023-07-20T15:39:03 IST" duration-ms="2547" status="PASS">
          <reporter-output>
          </reporter-output>
        </test-method> <!-- beforeSuite -->
        <test-method is-config="true" signature="beforeTest()[pri:0, instance:com.ecommerce.test.FBRegistration@6a6cb05c]" started-at="2023-07-20T15:39:03 IST" name="beforeTest" finished-at="2023-07-20T15:39:03 IST" duration-ms="1" status="PASS">
          <reporter-output>
          </reporter-output>
        </test-method> <!-- beforeTest -->
        <test-method is-config="true" signature="beforeClass()[pri:0, instance:com.ecommerce.test.FBRegistration@6a6cb05c]" started-at="2023-07-20T15:39:03 IST" name="beforeClass" finished-at="2023-07-20T15:39:03 IST" duration-ms="0" status="PASS">
          <reporter-output>
          </reporter-output>
        </test-method> <!-- beforeClass -->
        <test-method is-config="true" signature="beforeMethod()[pri:0, instance:com.ecommerce.test.FBRegistration@6a6cb05c]" started-at="2023-07-20T15:39:03 IST" name="beforeMethod" finished-at="2023-07-20T15:39:03 IST" duration-ms="1" status="PASS">
          <reporter-output>
          </reporter-output>
        </test-method> <!-- beforeMethod -->
        <test-method signature="fbAccount()[pri:0, instance:com.ecommerce.test.FBRegistration@6a6cb05c]" started-at="2023-07-20T15:39:03 IST" name="fbAccount" finished-at="2023-07-20T15:39:05 IST" duration-ms="1796" status="PASS">
          <reporter-output>
          </reporter-output>
        </test-method> <!-- fbAccount -->
        <test-method is-config="true" signature="afterMethod()[pri:0, instance:com.ecommerce.test.FBRegistration@6a6cb05c]" started-at="2023-07-20T15:39:05 IST" name="afterMethod" finished-at="2023-07-20T15:39:05 IST" duration-ms="1" status="PASS">
          <reporter-output>
          </reporter-output>
        </test-method> <!-- afterMethod -->
        <test-method is-config="true" signature="beforeMethod()[pri:0, instance:com.ecommerce.test.FBRegistration@6a6cb05c]" started-at="2023-07-20T15:39:05 IST" name="beforeMethod" finished-at="2023-07-20T15:39:05 IST" duration-ms="2" status="PASS">
          <reporter-output>
          </reporter-output>
        </test-method> <!-- beforeMethod -->
        <test-method signature="googleAccount(java.lang.String,java.lang.String)[pri:0, instance:com.ecommerce.test.FBRegistration@6a6cb05c]" started-at="2023-07-20T15:39:05 IST" name="googleAccount" data-provider="googleNewUserData" finished-at="2023-07-20T15:39:07 IST" duration-ms="2125" status="PASS">
          <params>
            <param index="0">
              <value>
                <![CDATA[fname1]]>
              </value>
            </param>
            <param index="1">
              <value>
                <![CDATA[lname1]]>
              </value>
            </param>
          </params>
          <reporter-output>
          </reporter-output>
        </test-method> <!-- googleAccount -->
        <test-method is-config="true" signature="afterMethod()[pri:0, instance:com.ecommerce.test.FBRegistration@6a6cb05c]" started-at="2023-07-20T15:39:07 IST" name="afterMethod" finished-at="2023-07-20T15:39:07 IST" duration-ms="1" status="PASS">
          <reporter-output>
          </reporter-output>
        </test-method> <!-- afterMethod -->
        <test-method is-config="true" signature="beforeMethod()[pri:0, instance:com.ecommerce.test.FBRegistration@6a6cb05c]" started-at="2023-07-20T15:39:07 IST" name="beforeMethod" finished-at="2023-07-20T15:39:07 IST" duration-ms="0" status="PASS">
          <reporter-output>
          </reporter-output>
        </test-method> <!-- beforeMethod -->
        <test-method signature="googleAccount(java.lang.String,java.lang.String)[pri:0, instance:com.ecommerce.test.FBRegistration@6a6cb05c]" started-at="2023-07-20T15:39:07 IST" name="googleAccount" data-provider="googleNewUserData" finished-at="2023-07-20T15:39:08 IST" duration-ms="1020" status="PASS">
          <params>
            <param index="0">
              <value>
                <![CDATA[fname2__2]]>
              </value>
            </param>
            <param index="1">
              <value>
                <![CDATA[lname2__2]]>
              </value>
            </param>
          </params>
          <reporter-output>
          </reporter-output>
        </test-method> <!-- googleAccount -->
        <test-method is-config="true" signature="afterMethod()[pri:0, instance:com.ecommerce.test.FBRegistration@6a6cb05c]" started-at="2023-07-20T15:39:08 IST" name="afterMethod" finished-at="2023-07-20T15:39:08 IST" duration-ms="0" status="PASS">
          <reporter-output>
          </reporter-output>
        </test-method> <!-- afterMethod -->
        <test-method is-config="true" signature="beforeMethod()[pri:0, instance:com.ecommerce.test.FBRegistration@6a6cb05c]" started-at="2023-07-20T15:39:08 IST" name="beforeMethod" finished-at="2023-07-20T15:39:08 IST" duration-ms="1" status="PASS">
          <reporter-output>
          </reporter-output>
        </test-method> <!-- beforeMethod -->
        <test-method signature="searchGoogleAndTestTitleText()[pri:0, instance:com.ecommerce.test.FBRegistration@6a6cb05c]" started-at="2023-07-20T15:39:08 IST" name="searchGoogleAndTestTitleText" finished-at="2023-07-20T15:39:10 IST" duration-ms="2220" status="PASS">
          <reporter-output>
          </reporter-output>
        </test-method> <!-- searchGoogleAndTestTitleText -->
        <test-method is-config="true" signature="afterMethod()[pri:0, instance:com.ecommerce.test.FBRegistration@6a6cb05c]" started-at="2023-07-20T15:39:10 IST" name="afterMethod" finished-at="2023-07-20T15:39:10 IST" duration-ms="1" status="PASS">
          <reporter-output>
          </reporter-output>
        </test-method> <!-- afterMethod -->
        <test-method signature="testLocalPage()[pri:0, instance:com.ecommerce.test.FBRegistration@6a6cb05c]" started-at="2023-07-20T15:39:10 IST" name="testLocalPage" finished-at="2023-07-20T15:39:13 IST" duration-ms="3379" status="PASS">
          <reporter-output>
          </reporter-output>
        </test-method> <!-- testLocalPage -->
        <test-method is-config="true" signature="beforeMethod()[pri:0, instance:com.ecommerce.test.FBRegistration@6a6cb05c]" started-at="2023-07-20T15:39:10 IST" name="beforeMethod" finished-at="2023-07-20T15:39:10 IST" duration-ms="0" status="PASS">
          <reporter-output>
          </reporter-output>
        </test-method> <!-- beforeMethod -->
        <test-method is-config="true" signature="afterMethod()[pri:0, instance:com.ecommerce.test.FBRegistration@6a6cb05c]" started-at="2023-07-20T15:39:13 IST" name="afterMethod" finished-at="2023-07-20T15:39:13 IST" duration-ms="1" status="PASS">
          <reporter-output>
          </reporter-output>
        </test-method> <!-- afterMethod -->
        <test-method is-config="true" signature="beforeMethod()[pri:0, instance:com.ecommerce.test.FBRegistration@6a6cb05c]" started-at="2023-07-20T15:39:13 IST" name="beforeMethod" finished-at="2023-07-20T15:39:13 IST" duration-ms="1" status="PASS">
          <reporter-output>
          </reporter-output>
        </test-method> <!-- beforeMethod -->
        <test-method signature="f1()[pri:0, instance:com.ecommerce.test.FBRegistration@6a6cb05c]" started-at="2023-07-20T15:39:13 IST" name="f1" depends-on-groups="Account Creation" finished-at="2023-07-20T15:39:13 IST" duration-ms="1" status="PASS">
          <reporter-output>
          </reporter-output>
        </test-method> <!-- f1 -->
        <test-method is-config="true" signature="afterMethod()[pri:0, instance:com.ecommerce.test.FBRegistration@6a6cb05c]" started-at="2023-07-20T15:39:13 IST" name="afterMethod" finished-at="2023-07-20T15:39:13 IST" duration-ms="1" status="PASS">
          <reporter-output>
          </reporter-output>
        </test-method> <!-- afterMethod -->
        <test-method is-config="true" signature="afterClass()[pri:0, instance:com.ecommerce.test.FBRegistration@6a6cb05c]" started-at="2023-07-20T15:39:13 IST" name="afterClass" finished-at="2023-07-20T15:39:13 IST" duration-ms="2" status="PASS">
          <reporter-output>
          </reporter-output>
        </test-method> <!-- afterClass -->
        <test-method is-config="true" signature="afterTest()[pri:0, instance:com.ecommerce.test.FBRegistration@6a6cb05c]" started-at="2023-07-20T15:39:13 IST" name="afterTest" finished-at="2023-07-20T15:39:13 IST" duration-ms="1" status="PASS">
          <reporter-output>
          </reporter-output>
        </test-method> <!-- afterTest -->
        <test-method is-config="true" signature="afterSuite()[pri:0, instance:com.ecommerce.test.FBRegistration@6a6cb05c]" started-at="2023-07-20T15:39:14 IST" name="afterSuite" finished-at="2023-07-20T15:39:14 IST" duration-ms="372" status="PASS">
          <reporter-output>
          </reporter-output>
        </test-method> <!-- afterSuite -->
      </class> <!-- com.ecommerce.test.FBRegistration -->
    </test> <!-- Default test -->
  </suite> <!-- Default suite -->
</testng-results>
