<?xml version="1.0" encoding="UTF-8"?>
<!-- Generated by org.testng.reporters.JUnitXMLReporter -->
<testsuite ignored="1" hostname="RahulMandal" failures="0" tests="6" name="Default test" time="10.645" errors="0" timestamp="2023-07-20T15:39:13 IST">
  <testcase classname="com.ecommerce.test.FBRegistration" name="fbAccount" time="1.796"/>
  <testcase classname="com.ecommerce.test.FBRegistration" name="googleAccount" time="2.125"/>
  <testcase classname="com.ecommerce.test.FBRegistration" name="googleAccount" time="1.02"/>
  <testcase classname="com.ecommerce.test.FBRegistration" name="searchGoogleAndTestTitleText" time="2.22"/>
  <testcase classname="com.ecommerce.test.FBRegistration" name="testLocalPage" time="3.379"/>
  <testcase classname="com.ecommerce.test.FBRegistration" name="f1" time="0.001"/>
  <testcase classname="com.ecommerce.test.FBRegistration" name="f2" time="0.0">
    <ignored/>
  </testcase> <!-- f2 -->
</testsuite> <!-- Default test -->
