<?xml version="1.0" encoding="UTF-8"?>
<!-- Generated by org.testng.reporters.JUnitXMLReporter -->
<testsuite ignored="0" hostname="RahulMandal" failures="0" tests="6" name="Default test" time="11.51" errors="0" timestamp="2023-07-20T14:43:47 IST">
  <testcase classname="com.ecommerce.test.FBRegistration" name="f2" time="0.012"/>
  <testcase classname="com.ecommerce.test.FBRegistration" name="fbAccount" time="1.984"/>
  <testcase classname="com.ecommerce.test.FBRegistration" name="googleAccount" time="2.709"/>
  <testcase classname="com.ecommerce.test.FBRegistration" name="searchGoogle" time="2.858"/>
  <testcase classname="com.ecommerce.test.FBRegistration" name="testLocalPage" time="3.816"/>
  <testcase classname="com.ecommerce.test.FBRegistration" name="f1" time="0.001"/>
</testsuite> <!-- Default test -->
